This file contains any messages produced by compilers while
running configure, to aid debugging if configure makes a mistake.

It was created by argtable2 configure 12, which was
generated by GNU Autoconf 2.61.  Invocation command line was

  $ ./configure 

## --------- ##
## Platform. ##
## --------- ##

hostname = drayel-desktop
uname -m = x86_64
uname -r = 2.6.31-20-generic
uname -s = Linux
uname -v = #57-Ubuntu SMP Mon Feb 8 09:02:26 UTC 2010

/usr/bin/uname -p = unknown
/bin/uname -X     = unknown

/bin/arch              = unknown
/usr/bin/arch -k       = unknown
/usr/convex/getsysinfo = unknown
/usr/bin/hostinfo      = unknown
/bin/machine           = unknown
/usr/bin/oslevel       = unknown
/bin/universe          = unknown

PATH: /usr/local/sbin
PATH: /usr/local/bin
PATH: /usr/sbin
PATH: /usr/bin
PATH: /sbin
PATH: /bin
PATH: /usr/games


## ----------- ##
## Core tests. ##
## ----------- ##

configure:1989: checking build system type
configure:2007: result: x86_64-unknown-linux-gnu
configure:2029: checking host system type
configure:2044: result: x86_64-unknown-linux-gnu
configure:2066: checking target system type
configure:2081: result: x86_64-unknown-linux-gnu
configure:2124: checking for a BSD-compatible install
configure:2180: result: /usr/bin/install -c
configure:2191: checking whether build environment is sane
configure:2234: result: yes
configure:2262: checking for a thread-safe mkdir -p
configure:2301: result: /bin/mkdir -p
configure:2314: checking for gawk
configure:2344: result: no
configure:2314: checking for mawk
configure:2330: found /usr/bin/mawk
configure:2341: result: mawk
configure:2352: checking whether make sets $(MAKE)
configure:2373: result: yes
configure:2616: checking for gcc
configure:2632: found /usr/bin/gcc
configure:2643: result: gcc
configure:2881: checking for C compiler version
configure:2888: gcc --version >&5
gcc (Ubuntu 4.4.1-4ubuntu9) 4.4.1
Copyright (C) 2009 Free Software Foundation, Inc.
This is free software; see the source for copying conditions.  There is NO
warranty; not even for MERCHANTABILITY or FITNESS FOR A PARTICULAR PURPOSE.

configure:2891: $? = 0
configure:2898: gcc -v >&5
Using built-in specs.
Target: x86_64-linux-gnu
Configured with: ../src/configure -v --with-pkgversion='Ubuntu 4.4.1-4ubuntu9' --with-bugurl=file:///usr/share/doc/gcc-4.4/README.Bugs --enable-languages=c,c++,fortran,objc,obj-c++ --prefix=/usr --enable-shared --enable-multiarch --enable-linker-build-id --with-system-zlib --libexecdir=/usr/lib --without-included-gettext --enable-threads=posix --with-gxx-include-dir=/usr/include/c++/4.4 --program-suffix=-4.4 --enable-nls --enable-clocale=gnu --enable-libstdcxx-debug --enable-objc-gc --disable-werror --with-arch-32=i486 --with-tune=generic --enable-checking=release --build=x86_64-linux-gnu --host=x86_64-linux-gnu --target=x86_64-linux-gnu
Thread model: posix
gcc version 4.4.1 (Ubuntu 4.4.1-4ubuntu9) 
configure:2901: $? = 0
configure:2908: gcc -V >&5
gcc: '-V' option must have argument
configure:2911: $? = 1
configure:2934: checking for C compiler default output file name
configure:2961: gcc    conftest.c  >&5
configure:2964: $? = 0
configure:3002: result: a.out
configure:3019: checking whether the C compiler works
configure:3029: ./a.out
configure:3032: $? = 0
configure:3049: result: yes
configure:3056: checking whether we are cross compiling
configure:3058: result: no
configure:3061: checking for suffix of executables
configure:3068: gcc -o conftest    conftest.c  >&5
configure:3071: $? = 0
configure:3095: result: 
configure:3101: checking for suffix of object files
configure:3127: gcc -c   conftest.c >&5
configure:3130: $? = 0
configure:3153: result: o
configure:3157: checking whether we are using the GNU C compiler
configure:3186: gcc -c   conftest.c >&5
configure:3192: $? = 0
configure:3209: result: yes
configure:3214: checking whether gcc accepts -g
configure:3244: gcc -c -g  conftest.c >&5
configure:3250: $? = 0
configure:3349: result: yes
configure:3366: checking for gcc option to accept ISO C89
configure:3440: gcc  -c -g -O2  conftest.c >&5
configure:3446: $? = 0
configure:3469: result: none needed
configure:3498: checking for style of include used by make
configure:3526: result: GNU
configure:3551: checking dependency style of gcc
configure:3642: result: gcc3
configure:3729: checking for a sed that does not truncate output
configure:3785: result: /bin/sed
configure:3788: checking for grep that handles long lines and -e
configure:3862: result: /bin/grep
configure:3867: checking for egrep
configure:3945: result: /bin/grep -E
configure:3961: checking for ld used by gcc
configure:4028: result: /usr/bin/ld
configure:4037: checking if the linker (/usr/bin/ld) is GNU ld
configure:4052: result: yes
configure:4057: checking for /usr/bin/ld option to reload object files
configure:4064: result: -r
configure:4082: checking for BSD-compatible nm
configure:4131: result: /usr/bin/nm -B
configure:4135: checking whether ln -s works
configure:4139: result: yes
configure:4146: checking how to recognize dependent libraries
configure:4332: result: pass_all
configure:4421: gcc -c -g -O2  conftest.c >&5
configure:4424: $? = 0
configure:4577: checking how to run the C preprocessor
configure:4617: gcc -E  conftest.c
configure:4623: $? = 0
configure:4654: gcc -E  conftest.c
conftest.c:10:28: error: ac_nonexistent.h: No such file or directory
configure:4660: $? = 1
configure: failed program was:
| /* confdefs.h.  */
| #define PACKAGE_NAME "argtable2"
| #define PACKAGE_TARNAME "argtable2"
| #define PACKAGE_VERSION "12"
| #define PACKAGE_STRING "argtable2 12"
| #define PACKAGE_BUGREPORT "sheitmann@users.sourceforge.net"
| #define PACKAGE "argtable2"
| #define VERSION "12"
| /* end confdefs.h.  */
| #include <ac_nonexistent.h>
configure:4693: result: gcc -E
configure:4722: gcc -E  conftest.c
configure:4728: $? = 0
configure:4759: gcc -E  conftest.c
conftest.c:10:28: error: ac_nonexistent.h: No such file or directory
configure:4765: $? = 1
configure: failed program was:
| /* confdefs.h.  */
| #define PACKAGE_NAME "argtable2"
| #define PACKAGE_TARNAME "argtable2"
| #define PACKAGE_VERSION "12"
| #define PACKAGE_STRING "argtable2 12"
| #define PACKAGE_BUGREPORT "sheitmann@users.sourceforge.net"
| #define PACKAGE "argtable2"
| #define VERSION "12"
| /* end confdefs.h.  */
| #include <ac_nonexistent.h>
configure:4803: checking for ANSI C header files
configure:4833: gcc -c -g -O2  conftest.c >&5
configure:4839: $? = 0
configure:4938: gcc -o conftest -g -O2   conftest.c  >&5
configure:4941: $? = 0
configure:4947: ./conftest
configure:4950: $? = 0
configure:4967: result: yes
configure:4991: checking for sys/types.h
configure:5012: gcc -c -g -O2  conftest.c >&5
configure:5018: $? = 0
configure:5034: result: yes
configure:4991: checking for sys/stat.h
configure:5012: gcc -c -g -O2  conftest.c >&5
configure:5018: $? = 0
configure:5034: result: yes
configure:4991: checking for stdlib.h
configure:5012: gcc -c -g -O2  conftest.c >&5
configure:5018: $? = 0
configure:5034: result: yes
configure:4991: checking for string.h
configure:5012: gcc -c -g -O2  conftest.c >&5
configure:5018: $? = 0
configure:5034: result: yes
configure:4991: checking for memory.h
configure:5012: gcc -c -g -O2  conftest.c >&5
configure:5018: $? = 0
configure:5034: result: yes
configure:4991: checking for strings.h
configure:5012: gcc -c -g -O2  conftest.c >&5
configure:5018: $? = 0
configure:5034: result: yes
configure:4991: checking for inttypes.h
configure:5012: gcc -c -g -O2  conftest.c >&5
configure:5018: $? = 0
configure:5034: result: yes
configure:4991: checking for stdint.h
configure:5012: gcc -c -g -O2  conftest.c >&5
configure:5018: $? = 0
configure:5034: result: yes
configure:4991: checking for unistd.h
configure:5012: gcc -c -g -O2  conftest.c >&5
configure:5018: $? = 0
configure:5034: result: yes
configure:5061: checking dlfcn.h usability
configure:5078: gcc -c -g -O2  conftest.c >&5
configure:5084: $? = 0
configure:5098: result: yes
configure:5102: checking dlfcn.h presence
configure:5117: gcc -E  conftest.c
configure:5123: $? = 0
configure:5137: result: yes
configure:5170: checking for dlfcn.h
configure:5178: result: yes
configure:5249: checking for g++
configure:5265: found /usr/bin/g++
configure:5276: result: g++
configure:5307: checking for C++ compiler version
configure:5314: g++ --version >&5
g++ (Ubuntu 4.4.1-4ubuntu9) 4.4.1
Copyright (C) 2009 Free Software Foundation, Inc.
This is free software; see the source for copying conditions.  There is NO
warranty; not even for MERCHANTABILITY or FITNESS FOR A PARTICULAR PURPOSE.

configure:5317: $? = 0
configure:5324: g++ -v >&5
Using built-in specs.
Target: x86_64-linux-gnu
Configured with: ../src/configure -v --with-pkgversion='Ubuntu 4.4.1-4ubuntu9' --with-bugurl=file:///usr/share/doc/gcc-4.4/README.Bugs --enable-languages=c,c++,fortran,objc,obj-c++ --prefix=/usr --enable-shared --enable-multiarch --enable-linker-build-id --with-system-zlib --libexecdir=/usr/lib --without-included-gettext --enable-threads=posix --with-gxx-include-dir=/usr/include/c++/4.4 --program-suffix=-4.4 --enable-nls --enable-clocale=gnu --enable-libstdcxx-debug --enable-objc-gc --disable-werror --with-arch-32=i486 --with-tune=generic --enable-checking=release --build=x86_64-linux-gnu --host=x86_64-linux-gnu --target=x86_64-linux-gnu
Thread model: posix
gcc version 4.4.1 (Ubuntu 4.4.1-4ubuntu9) 
configure:5327: $? = 0
configure:5334: g++ -V >&5
g++: '-V' option must have argument
configure:5337: $? = 1
configure:5340: checking whether we are using the GNU C++ compiler
configure:5369: g++ -c   conftest.cpp >&5
configure:5375: $? = 0
configure:5392: result: yes
configure:5397: checking whether g++ accepts -g
configure:5427: g++ -c -g  conftest.cpp >&5
configure:5433: $? = 0
configure:5532: result: yes
configure:5557: checking dependency style of g++
configure:5648: result: gcc3
configure:5673: checking how to run the C++ preprocessor
configure:5709: g++ -E  conftest.cpp
configure:5715: $? = 0
configure:5746: g++ -E  conftest.cpp
conftest.cpp:21:28: error: ac_nonexistent.h: No such file or directory
configure:5752: $? = 1
configure: failed program was:
| /* confdefs.h.  */
| #define PACKAGE_NAME "argtable2"
| #define PACKAGE_TARNAME "argtable2"
| #define PACKAGE_VERSION "12"
| #define PACKAGE_STRING "argtable2 12"
| #define PACKAGE_BUGREPORT "sheitmann@users.sourceforge.net"
| #define PACKAGE "argtable2"
| #define VERSION "12"
| #define STDC_HEADERS 1
| #define HAVE_SYS_TYPES_H 1
| #define HAVE_SYS_STAT_H 1
| #define HAVE_STDLIB_H 1
| #define HAVE_STRING_H 1
| #define HAVE_MEMORY_H 1
| #define HAVE_STRINGS_H 1
| #define HAVE_INTTYPES_H 1
| #define HAVE_STDINT_H 1
| #define HAVE_UNISTD_H 1
| #define HAVE_DLFCN_H 1
| /* end confdefs.h.  */
| #include <ac_nonexistent.h>
configure:5785: result: g++ -E
configure:5814: g++ -E  conftest.cpp
configure:5820: $? = 0
configure:5851: g++ -E  conftest.cpp
conftest.cpp:21:28: error: ac_nonexistent.h: No such file or directory
configure:5857: $? = 1
configure: failed program was:
| /* confdefs.h.  */
| #define PACKAGE_NAME "argtable2"
| #define PACKAGE_TARNAME "argtable2"
| #define PACKAGE_VERSION "12"
| #define PACKAGE_STRING "argtable2 12"
| #define PACKAGE_BUGREPORT "sheitmann@users.sourceforge.net"
| #define PACKAGE "argtable2"
| #define VERSION "12"
| #define STDC_HEADERS 1
| #define HAVE_SYS_TYPES_H 1
| #define HAVE_SYS_STAT_H 1
| #define HAVE_STDLIB_H 1
| #define HAVE_STRING_H 1
| #define HAVE_MEMORY_H 1
| #define HAVE_STRINGS_H 1
| #define HAVE_INTTYPES_H 1
| #define HAVE_STDINT_H 1
| #define HAVE_UNISTD_H 1
| #define HAVE_DLFCN_H 1
| /* end confdefs.h.  */
| #include <ac_nonexistent.h>
configure:5950: checking for g77
configure:5980: result: no
configure:5950: checking for xlf
configure:5980: result: no
configure:5950: checking for f77
configure:5980: result: no
configure:5950: checking for frt
configure:5980: result: no
configure:5950: checking for pgf77
configure:5980: result: no
configure:5950: checking for cf77
configure:5980: result: no
configure:5950: checking for fort77
configure:5980: result: no
configure:5950: checking for fl32
configure:5980: result: no
configure:5950: checking for af77
configure:5980: result: no
configure:5950: checking for xlf90
configure:5980: result: no
configure:5950: checking for f90
configure:5980: result: no
configure:5950: checking for pgf90
configure:5980: result: no
configure:5950: checking for pghpf
configure:5980: result: no
configure:5950: checking for epcf90
configure:5980: result: no
configure:5950: checking for gfortran
configure:5966: found /usr/bin/gfortran
configure:5977: result: gfortran
configure:6007: checking for Fortran 77 compiler version
configure:6014: gfortran --version >&5
GNU Fortran (Ubuntu 4.4.1-4ubuntu9) 4.4.1
Copyright (C) 2009 Free Software Foundation, Inc.

GNU Fortran comes with NO WARRANTY, to the extent permitted by law.
You may redistribute copies of GNU Fortran
under the terms of the GNU General Public License.
For more information about these matters, see the file named COPYING

configure:6017: $? = 0
configure:6024: gfortran -v >&5
Using built-in specs.
Target: x86_64-linux-gnu
Configured with: ../src/configure -v --with-pkgversion='Ubuntu 4.4.1-4ubuntu9' --with-bugurl=file:///usr/share/doc/gcc-4.4/README.Bugs --enable-languages=c,c++,fortran,objc,obj-c++ --prefix=/usr --enable-shared --enable-multiarch --enable-linker-build-id --with-system-zlib --libexecdir=/usr/lib --without-included-gettext --enable-threads=posix --with-gxx-include-dir=/usr/include/c++/4.4 --program-suffix=-4.4 --enable-nls --enable-clocale=gnu --enable-libstdcxx-debug --enable-objc-gc --disable-werror --with-arch-32=i486 --with-tune=generic --enable-checking=release --build=x86_64-linux-gnu --host=x86_64-linux-gnu --target=x86_64-linux-gnu
Thread model: posix
gcc version 4.4.1 (Ubuntu 4.4.1-4ubuntu9) 
configure:6027: $? = 0
configure:6034: gfortran -V >&5
gfortran: '-V' option must have argument
configure:6037: $? = 1
configure:6045: checking whether we are using the GNU Fortran 77 compiler
configure:6064: gfortran -c  conftest.F >&5
configure:6070: $? = 0
configure:6087: result: yes
configure:6093: checking whether gfortran accepts -g
configure:6110: gfortran -c -g conftest.f >&5
configure:6116: $? = 0
configure:6132: result: yes
configure:6161: checking the maximum length of command line arguments
configure:6273: result: 1572864
configure:6285: checking command to parse /usr/bin/nm -B output from gcc object
configure:6390: gcc -c -g -O2  conftest.c >&5
configure:6393: $? = 0
configure:6397: /usr/bin/nm -B conftest.o \| sed -n -e 's/^.*[ 	]\([ABCDGIRSTW][ABCDGIRSTW]*\)[ 	][ 	]*\([_A-Za-z][_A-Za-z0-9]*\)$/\1 \2 \2/p' \> conftest.nm
configure:6400: $? = 0
configure:6452: gcc -o conftest -g -O2   conftest.c conftstm.o >&5
configure:6455: $? = 0
configure:6493: result: ok
configure:6497: checking for objdir
configure:6512: result: .libs
configure:6604: checking for ar
configure:6620: found /usr/bin/ar
configure:6631: result: ar
configure:6700: checking for ranlib
configure:6716: found /usr/bin/ranlib
configure:6727: result: ranlib
configure:6796: checking for strip
configure:6812: found /usr/bin/strip
configure:6823: result: strip
configure:7421: checking if gcc supports -fno-rtti -fno-exceptions
configure:7439: gcc -c -g -O2  -fno-rtti -fno-exceptions conftest.c >&5
cc1: warning: command line option "-fno-rtti" is valid for C++/ObjC++ but not for C
configure:7443: $? = 0
configure:7456: result: no
configure:7471: checking for gcc option to produce PIC
configure:7703: result: -fPIC
configure:7711: checking if gcc PIC flag -fPIC works
configure:7729: gcc -c -g -O2  -fPIC -DPIC conftest.c >&5
configure:7733: $? = 0
configure:7746: result: yes
configure:7774: checking if gcc static flag -static works
configure:7802: result: yes
configure:7812: checking if gcc supports -c -o file.o
configure:7833: gcc -c -g -O2  -o out/conftest2.o conftest.c >&5
configure:7837: $? = 0
configure:7859: result: yes
configure:7885: checking whether the gcc linker (/usr/bin/ld -m elf_x86_64) supports shared libraries
configure:8866: result: yes
configure:8887: checking whether -lc should be explicitly linked in
configure:8892: gcc -c -g -O2  conftest.c >&5
configure:8895: $? = 0
configure:8910: gcc -shared conftest.o  -v -Wl,-soname -Wl,conftest -o conftest 2\>\&1 \| grep  -lc  \>/dev/null 2\>\&1
configure:8913: $? = 0
configure:8925: result: no
configure:8933: checking dynamic linker characteristics
configure:9547: result: GNU/Linux ld.so
configure:9571: checking how to hardcode library paths into programs
configure:9596: result: immediate
configure:9610: checking whether stripping libraries is possible
configure:9615: result: yes
configure:10417: checking if libtool supports shared libraries
configure:10419: result: yes
configure:10422: checking whether to build shared libraries
configure:10443: result: yes
configure:10446: checking whether to build static libraries
configure:10450: result: yes
configure:10544: creating libtool
configure:11137: checking for ld used by g++
configure:11204: result: /usr/bin/ld -m elf_x86_64
configure:11213: checking if the linker (/usr/bin/ld -m elf_x86_64) is GNU ld
configure:11228: result: yes
configure:11279: checking whether the g++ linker (/usr/bin/ld -m elf_x86_64) supports shared libraries
configure:12225: result: yes
configure:12242: g++ -c -g -O2  conftest.cpp >&5
configure:12245: $? = 0
configure:12401: checking for g++ option to produce PIC
configure:12685: result: -fPIC
configure:12693: checking if g++ PIC flag -fPIC works
configure:12711: g++ -c -g -O2  -fPIC -DPIC conftest.cpp >&5
configure:12715: $? = 0
configure:12728: result: yes
configure:12756: checking if g++ static flag -static works
configure:12784: result: yes
configure:12794: checking if g++ supports -c -o file.o
configure:12815: g++ -c -g -O2  -o out/conftest2.o conftest.cpp >&5
configure:12819: $? = 0
configure:12841: result: yes
configure:12867: checking whether the g++ linker (/usr/bin/ld -m elf_x86_64) supports shared libraries
configure:12896: result: yes
configure:12963: checking dynamic linker characteristics
configure:13525: result: GNU/Linux ld.so
configure:13549: checking how to hardcode library paths into programs
configure:13574: result: immediate
configure:14113: checking if libtool supports shared libraries
configure:14115: result: yes
configure:14118: checking whether to build shared libraries
configure:14138: result: yes
configure:14141: checking whether to build static libraries
configure:14145: result: yes
configure:14155: checking for gfortran option to produce PIC
configure:14387: result: -fPIC
configure:14395: checking if gfortran PIC flag -fPIC works
configure:14413: gfortran -c -g -O2 -fPIC conftest.f >&5
configure:14417: $? = 0
configure:14430: result: yes
configure:14458: checking if gfortran static flag -static works
configure:14486: result: yes
configure:14496: checking if gfortran supports -c -o file.o
configure:14517: gfortran -c -g -O2 -o out/conftest2.o conftest.f >&5
configure:14521: $? = 0
configure:14543: result: yes
configure:14569: checking whether the gfortran linker (/usr/bin/ld -m elf_x86_64) supports shared libraries
configure:15530: result: yes
configure:15597: checking dynamic linker characteristics
configure:16159: result: GNU/Linux ld.so
configure:16183: checking how to hardcode library paths into programs
configure:16208: result: immediate
configure:19821: checking whether make sets $(MAKE)
configure:19842: result: yes
configure:19855: checking for ANSI C header files
configure:20019: result: yes
configure:20049: checking libintl.h usability
configure:20066: gcc -c -g -O2  conftest.c >&5
configure:20072: $? = 0
configure:20086: result: yes
configure:20090: checking libintl.h presence
configure:20105: gcc -E  conftest.c
configure:20111: $? = 0
configure:20125: result: yes
configure:20158: checking for libintl.h
configure:20166: result: yes
configure:20039: checking for stdlib.h
configure:20045: result: yes
configure:20039: checking for string.h
configure:20045: result: yes
configure:20039: checking for strings.h
configure:20045: result: yes
configure:20039: checking for unistd.h
configure:20045: result: yes
configure:20049: checking getopt.h usability
configure:20066: gcc -c -g -O2  conftest.c >&5
configure:20072: $? = 0
configure:20086: result: yes
configure:20090: checking getopt.h presence
configure:20105: gcc -E  conftest.c
configure:20111: $? = 0
configure:20125: result: yes
configure:20158: checking for getopt.h
configure:20166: result: yes
configure:20181: checking for an ANSI C-conforming const
configure:20256: gcc -c -g -O2  conftest.c >&5
configure:20262: $? = 0
configure:20277: result: yes
configure:20287: checking for size_t
configure:20317: gcc -c -g -O2  conftest.c >&5
configure:20323: $? = 0
configure:20338: result: yes
configure:20350: checking whether struct tm is in sys/time.h or time.h
configure:20380: gcc -c -g -O2  conftest.c >&5
configure:20386: $? = 0
configure:20401: result: time.h
configure:20417: checking for strftime
configure:20473: gcc -o conftest -g -O2   conftest.c  >&5
conftest.c:51: warning: conflicting types for built-in function 'strftime'
configure:20479: $? = 0
configure:20497: result: yes
configure:20578: checking for working strtod
configure:20629: gcc -o conftest -g -O2   conftest.c  >&5
conftest.c: In function 'main':
conftest.c:84: warning: ignoring return value of 'strtod', declared with attribute warn_unused_result
configure:20632: $? = 0
configure:20638: ./conftest
configure:20641: $? = 0
configure:20657: result: yes
configure:20829: checking for bzero
configure:20885: gcc -o conftest -g -O2   conftest.c  >&5
conftest.c:52: warning: conflicting types for built-in function 'bzero'
configure:20891: $? = 0
configure:20909: result: yes
configure:20829: checking for strchr
configure:20885: gcc -o conftest -g -O2   conftest.c  >&5
conftest.c:53: warning: conflicting types for built-in function 'strchr'
configure:20891: $? = 0
configure:20909: result: yes
configure:20829: checking for strcspn
configure:20885: gcc -o conftest -g -O2   conftest.c  >&5
conftest.c:54: warning: conflicting types for built-in function 'strcspn'
configure:20891: $? = 0
configure:20909: result: yes
configure:20829: checking for strrchr
configure:20885: gcc -o conftest -g -O2   conftest.c  >&5
conftest.c:55: warning: conflicting types for built-in function 'strrchr'
configure:20891: $? = 0
configure:20909: result: yes
configure:20829: checking for strtol
configure:20885: gcc -o conftest -g -O2   conftest.c  >&5
configure:20891: $? = 0
configure:20909: result: yes
configure:20919: checking for getopt_long
configure:20975: gcc -o conftest -g -O2   conftest.c  >&5
configure:20981: $? = 0
configure:20998: result: yes
configure:21006: checking for regcomp
configure:21062: gcc -o conftest -g -O2   conftest.c  >&5
configure:21068: $? = 0
configure:21085: result: yes
configure:21093: checking for strptime
configure:21149: gcc -o conftest -g -O2   conftest.c  >&5
configure:21155: $? = 0
configure:21172: result: yes
configure:21376: creating ./config.status

## ---------------------- ##
## Running config.status. ##
## ---------------------- ##

This file was extended by argtable2 config.status 12, which was
generated by GNU Autoconf 2.61.  Invocation command line was

  CONFIG_FILES    = 
  CONFIG_HEADERS  = 
  CONFIG_LINKS    = 
  CONFIG_COMMANDS = 
  $ ./config.status 

on drayel-desktop

config.status:685: creating Makefile
config.status:685: creating example/Makefile
config.status:685: creating src/Makefile
config.status:685: creating doc/Makefile
config.status:685: creating doc/argtable2.3
config.status:685: creating doc/argtable2.html
config.status:685: creating tests/Makefile
config.status:685: creating argtable2.pc
config.status:685: creating argtable2-uninstalled.pc
config.status:685: creating src/config.h
config.status:972: executing depfiles commands

## ---------------- ##
## Cache variables. ##
## ---------------- ##

ac_cv_build=x86_64-unknown-linux-gnu
ac_cv_c_compiler_gnu=yes
ac_cv_c_const=yes
ac_cv_cxx_compiler_gnu=yes
ac_cv_env_CCC_set=
ac_cv_env_CCC_value=
ac_cv_env_CC_set=
ac_cv_env_CC_value=
ac_cv_env_CFLAGS_set=
ac_cv_env_CFLAGS_value=
ac_cv_env_CPPFLAGS_set=
ac_cv_env_CPPFLAGS_value=
ac_cv_env_CPP_set=
ac_cv_env_CPP_value=
ac_cv_env_CXXCPP_set=
ac_cv_env_CXXCPP_value=
ac_cv_env_CXXFLAGS_set=
ac_cv_env_CXXFLAGS_value=
ac_cv_env_CXX_set=
ac_cv_env_CXX_value=
ac_cv_env_F77_set=
ac_cv_env_F77_value=
ac_cv_env_FFLAGS_set=
ac_cv_env_FFLAGS_value=
ac_cv_env_LDFLAGS_set=
ac_cv_env_LDFLAGS_value=
ac_cv_env_LIBS_set=
ac_cv_env_LIBS_value=
ac_cv_env_build_alias_set=
ac_cv_env_build_alias_value=
ac_cv_env_docdir_set=set
ac_cv_env_docdir_value='${datarootdir}/doc/${PACKAGE_TARNAME}'
ac_cv_env_host_alias_set=
ac_cv_env_host_alias_value=
ac_cv_env_target_alias_set=
ac_cv_env_target_alias_value=
ac_cv_f77_compiler_gnu=yes
ac_cv_func_bzero=yes
ac_cv_func_getopt_long=yes
ac_cv_func_regcomp=yes
ac_cv_func_strchr=yes
ac_cv_func_strcspn=yes
ac_cv_func_strftime=yes
ac_cv_func_strptime=yes
ac_cv_func_strrchr=yes
ac_cv_func_strtod=yes
ac_cv_func_strtol=yes
ac_cv_header_dlfcn_h=yes
ac_cv_header_getopt_h=yes
ac_cv_header_inttypes_h=yes
ac_cv_header_libintl_h=yes
ac_cv_header_memory_h=yes
ac_cv_header_stdc=yes
ac_cv_header_stdint_h=yes
ac_cv_header_stdlib_h=yes
ac_cv_header_string_h=yes
ac_cv_header_strings_h=yes
ac_cv_header_sys_stat_h=yes
ac_cv_header_sys_types_h=yes
ac_cv_header_unistd_h=yes
ac_cv_host=x86_64-unknown-linux-gnu
ac_cv_objext=o
ac_cv_path_EGREP='/bin/grep -E'
ac_cv_path_GREP=/bin/grep
ac_cv_path_install='/usr/bin/install -c'
ac_cv_path_mkdir=/bin/mkdir
ac_cv_prog_AWK=mawk
ac_cv_prog_CPP='gcc -E'
ac_cv_prog_CXXCPP='g++ -E'
ac_cv_prog_ac_ct_AR=ar
ac_cv_prog_ac_ct_CC=gcc
ac_cv_prog_ac_ct_CXX=g++
ac_cv_prog_ac_ct_F77=gfortran
ac_cv_prog_ac_ct_RANLIB=ranlib
ac_cv_prog_ac_ct_STRIP=strip
ac_cv_prog_cc_c89=
ac_cv_prog_cc_g=yes
ac_cv_prog_cxx_g=yes
ac_cv_prog_f77_g=yes
ac_cv_prog_make_make_set=yes
ac_cv_struct_tm=time.h
ac_cv_target=x86_64-unknown-linux-gnu
ac_cv_type_size_t=yes
am_cv_CC_dependencies_compiler_type=gcc3
am_cv_CXX_dependencies_compiler_type=gcc3
lt_cv_deplibs_check_method=pass_all
lt_cv_file_magic_cmd='$MAGIC_CMD'
lt_cv_file_magic_test_file=
lt_cv_ld_reload_flag=-r
lt_cv_objdir=.libs
lt_cv_path_LD=/usr/bin/ld
lt_cv_path_LDCXX='/usr/bin/ld -m elf_x86_64'
lt_cv_path_NM='/usr/bin/nm -B'
lt_cv_path_SED=/bin/sed
lt_cv_prog_compiler_c_o=yes
lt_cv_prog_compiler_c_o_CXX=yes
lt_cv_prog_compiler_c_o_F77=yes
lt_cv_prog_compiler_pic_works=yes
lt_cv_prog_compiler_pic_works_CXX=yes
lt_cv_prog_compiler_pic_works_F77=yes
lt_cv_prog_compiler_rtti_exceptions=no
lt_cv_prog_compiler_static_works=yes
lt_cv_prog_compiler_static_works_CXX=yes
lt_cv_prog_compiler_static_works_F77=yes
lt_cv_prog_gnu_ld=yes
lt_cv_prog_gnu_ldcxx=yes
lt_cv_sys_global_symbol_pipe='sed -n -e '\''s/^.*[ 	]\([ABCDGIRSTW][ABCDGIRSTW]*\)[ 	][ 	]*\([_A-Za-z][_A-Za-z0-9]*\)$/\1 \2 \2/p'\'''
lt_cv_sys_global_symbol_to_c_name_address='sed -n -e '\''s/^: \([^ ]*\) $/  {\"\1\", (lt_ptr) 0},/p'\'' -e '\''s/^[BCDEGRST] \([^ ]*\) \([^ ]*\)$/  {"\2", (lt_ptr) \&\2},/p'\'''
lt_cv_sys_global_symbol_to_cdecl='sed -n -e '\''s/^. .* \(.*\)$/extern int \1;/p'\'''
lt_cv_sys_lib_dlsearch_path_spec='/lib /usr/lib /usr/lib32/alsa-lib /usr/lib/alsa-lib /usr/local/lib /lib/x86_64-linux-gnu /usr/lib/x86_64-linux-gnu '
lt_cv_sys_lib_search_path_spec='/usr/lib/gcc/x86_64-linux-gnu/4.4.1 /usr/lib /lib /usr/lib/x86_64-linux-gnu'
lt_cv_sys_max_cmd_len=1572864
lt_lt_cv_prog_compiler_c_o='"yes"'
lt_lt_cv_prog_compiler_c_o_CXX='"yes"'
lt_lt_cv_prog_compiler_c_o_F77='"yes"'
lt_lt_cv_sys_global_symbol_pipe='"sed -n -e '\''s/^.*[ 	]\\([ABCDGIRSTW][ABCDGIRSTW]*\\)[ 	][ 	]*\\([_A-Za-z][_A-Za-z0-9]*\\)\$/\\1 \\2 \\2/p'\''"'
lt_lt_cv_sys_global_symbol_to_c_name_address='"sed -n -e '\''s/^: \\([^ ]*\\) \$/  {\\\"\\1\\\", (lt_ptr) 0},/p'\'' -e '\''s/^[BCDEGRST] \\([^ ]*\\) \\([^ ]*\\)\$/  {\"\\2\", (lt_ptr) \\&\\2},/p'\''"'
lt_lt_cv_sys_global_symbol_to_cdecl='"sed -n -e '\''s/^. .* \\(.*\\)\$/extern int \\1;/p'\''"'

## ----------------- ##
## Output variables. ##
## ----------------- ##

ACLOCAL='${SHELL} /home/drayel/School/CS660/NvPcomp/argtable2-12/missing --run aclocal-1.10'
AMDEPBACKSLASH='\'
AMDEP_FALSE='#'
AMDEP_TRUE=''
AMTAR='${SHELL} /home/drayel/School/CS660/NvPcomp/argtable2-12/missing --run tar'
AR='ar'
AUTOCONF='${SHELL} /home/drayel/School/CS660/NvPcomp/argtable2-12/missing --run autoconf'
AUTOHEADER='${SHELL} /home/drayel/School/CS660/NvPcomp/argtable2-12/missing --run autoheader'
AUTOMAKE='${SHELL} /home/drayel/School/CS660/NvPcomp/argtable2-12/missing --run automake-1.10'
AWK='mawk'
CC='gcc'
CCDEPMODE='depmode=gcc3'
CFLAGS='-g -O2'
CPP='gcc -E'
CPPFLAGS=''
CXX='g++'
CXXCPP='g++ -E'
CXXDEPMODE='depmode=gcc3'
CXXFLAGS='-g -O2'
CYGPATH_W='echo'
DEBUGFLAGS='-DNDEBUG'
DEFS='-DHAVE_CONFIG_H'
DEPDIR='.deps'
DSYMUTIL=''
ECHO='echo'
ECHO_C=''
ECHO_N='-n'
ECHO_T=''
EGREP='/bin/grep -E'
EXEEXT=''
F77='gfortran'
FFLAGS='-g -O2'
GREP='/bin/grep'
INSTALL_DATA='${INSTALL} -m 644'
INSTALL_PROGRAM='${INSTALL}'
INSTALL_SCRIPT='${INSTALL}'
INSTALL_STRIP_PROGRAM='$(install_sh) -c -s'
LDFLAGS=''
LIBOBJS=''
LIBS=''
LIBTOOL='$(SHELL) $(top_builddir)/libtool'
LN_S='ln -s'
LTLIBOBJS=''
MAKEINFO='${SHELL} /home/drayel/School/CS660/NvPcomp/argtable2-12/missing --run makeinfo'
NMEDIT=''
OBJEXT='o'
PACKAGE='argtable2'
PACKAGE_BUGREPORT='sheitmann@users.sourceforge.net'
PACKAGE_NAME='argtable2'
PACKAGE_STRING='argtable2 12'
PACKAGE_TARNAME='argtable2'
PACKAGE_VERSION='12'
PATH_SEPARATOR=':'
POW_LIB=''
RANLIB='ranlib'
SED='/bin/sed'
SET_MAKE=''
SHELL='/bin/bash'
STRIP='strip'
USE_ARGDATE_FALSE='#'
USE_ARGDATE_TRUE=''
USE_ARGREX_FALSE='#'
USE_ARGREX_TRUE=''
USE_SYS_GETOPTLONG_FALSE='#'
USE_SYS_GETOPTLONG_TRUE=''
VERSION='12'
ac_ct_CC='gcc'
ac_ct_CXX='g++'
ac_ct_F77='gfortran'
am__fastdepCC_FALSE='#'
am__fastdepCC_TRUE=''
am__fastdepCXX_FALSE='#'
am__fastdepCXX_TRUE=''
am__include='include'
am__isrc=''
am__leading_dot='.'
am__quote=''
am__tar='${AMTAR} chof - "$$tardir"'
am__untar='${AMTAR} xf -'
bindir='${exec_prefix}/bin'
build='x86_64-unknown-linux-gnu'
build_alias=''
build_cpu='x86_64'
build_os='linux-gnu'
build_vendor='unknown'
datadir='${datarootdir}'
datarootdir='${prefix}/share'
docdir='${datarootdir}/doc/${PACKAGE_TARNAME}'
dvidir='${docdir}'
exampledir='${docdir}/example'
exec_prefix='${prefix}'
host='x86_64-unknown-linux-gnu'
host_alias=''
host_cpu='x86_64'
host_os='linux-gnu'
host_vendor='unknown'
htmldir='${docdir}'
includedir='${prefix}/include'
infodir='${datarootdir}/info'
install_sh='$(SHELL) /home/drayel/School/CS660/NvPcomp/argtable2-12/install-sh'
libdir='${exec_prefix}/lib'
libexecdir='${exec_prefix}/libexec'
localedir='${datarootdir}/locale'
localstatedir='${prefix}/var'
mandir='${datarootdir}/man'
mkdir_p='/bin/mkdir -p'
oldincludedir='/usr/include'
pdfdir='${docdir}'
prefix='/usr/local'
program_transform_name='s,x,x,'
psdir='${docdir}'
sbindir='${exec_prefix}/sbin'
sharedstatedir='${prefix}/com'
sysconfdir='${prefix}/etc'
target='x86_64-unknown-linux-gnu'
target_alias=''
target_cpu='x86_64'
target_os='linux-gnu'
target_vendor='unknown'

## ----------- ##
## confdefs.h. ##
## ----------- ##

#define PACKAGE_NAME "argtable2"
#define PACKAGE_TARNAME "argtable2"
#define PACKAGE_VERSION "12"
#define PACKAGE_STRING "argtable2 12"
#define PACKAGE_BUGREPORT "sheitmann@users.sourceforge.net"
#define PACKAGE "argtable2"
#define VERSION "12"
#define STDC_HEADERS 1
#define HAVE_SYS_TYPES_H 1
#define HAVE_SYS_STAT_H 1
#define HAVE_STDLIB_H 1
#define HAVE_STRING_H 1
#define HAVE_MEMORY_H 1
#define HAVE_STRINGS_H 1
#define HAVE_INTTYPES_H 1
#define HAVE_STDINT_H 1
#define HAVE_UNISTD_H 1
#define HAVE_DLFCN_H 1
#define STDC_HEADERS 1
#define HAVE_LIBINTL_H 1
#define HAVE_STDLIB_H 1
#define HAVE_STRING_H 1
#define HAVE_STRINGS_H 1
#define HAVE_UNISTD_H 1
#define HAVE_GETOPT_H 1
#define HAVE_STRFTIME 1
#define HAVE_BZERO 1
#define HAVE_STRCHR 1
#define HAVE_STRCSPN 1
#define HAVE_STRRCHR 1
#define HAVE_STRTOL 1

configure: exit 0
